<?xml version="1.0" encoding="utf-8"?><testsuites name="pytest tests"><testsuite name="pytest" errors="0" failures="0" skipped="0" tests="20" time="0.497" timestamp="2025-10-30T16:46:15.426560+00:00" hostname="fa4b6ffd38cb"><testcase classname="tests.test_api_client" name="test_search_success" time="0.047" /><testcase classname="tests.test_api_client" name="test_search_timeout" time="0.005" /><testcase classname="tests.test_api_client" name="test_search_connection_error" time="0.004" /><testcase classname="tests.test_api_client" name="test_get_suggestions_success" time="0.005" /><testcase classname="tests.test_api_client" name="test_get_suggestions_empty" time="0.005" /><testcase classname="tests.test_api_client" name="test_get_suggestions_error" time="0.004" /><testcase classname="tests.test_api_client" name="test_health_check_healthy" time="0.004" /><testcase classname="tests.test_api_client" name="test_health_check_unhealthy" time="0.004" /><testcase classname="tests.test_app" name="test_homepage" time="0.006" /><testcase classname="tests.test_app" name="test_health_check_healthy" time="0.001" /><testcase classname="tests.test_app" name="test_health_check_unhealthy" time="0.001" /><testcase classname="tests.test_app" name="test_search_stock_success" time="0.008" /><testcase classname="tests.test_app" name="test_search_stock_not_found" time="0.003" /><testcase classname="tests.test_app" name="test_search_validation_error" time="0.001" /><testcase classname="tests.test_app" name="test_suggestions_endpoint" time="0.003" /><testcase classname="tests.test_app" name="test_suggestions_empty" time="0.001" /><testcase classname="tests.test_app" name="test_about_page" time="0.002" /><testcase classname="tests.test_app" name="test_static_files" time="0.003" /><testcase classname="tests.test_app" name="test_search_without_query" time="0.001" /><testcase classname="tests.test_app" name="test_htmx_headers" time="0.002" /></testsuite></testsuites>