<?xml version="1.0" encoding="utf-8"?><testsuites name="pytest tests"><testsuite name="pytest" errors="0" failures="0" skipped="0" tests="47" time="1.170" timestamp="2025-10-30T16:46:11.825069+00:00" hostname="009dafd63c3d"><testcase classname="tests.test_api.TestHealthEndpoints" name="test_root_endpoint" time="0.057" /><testcase classname="tests.test_api.TestHealthEndpoints" name="test_health_check" time="0.005" /><testcase classname="tests.test_api.TestStockSearchEndpoint" name="test_search_by_symbol_success" time="0.014" /><testcase classname="tests.test_api.TestStockSearchEndpoint" name="test_search_by_isin_success" time="0.008" /><testcase classname="tests.test_api.TestStockSearchEndpoint" name="test_search_by_wkn_success" time="0.008" /><testcase classname="tests.test_api.TestStockSearchEndpoint" name="test_search_invalid_isin_format" time="0.005" /><testcase classname="tests.test_api.TestStockSearchEndpoint" name="test_search_invalid_wkn_format" time="0.005" /><testcase classname="tests.test_api.TestStockSearchEndpoint" name="test_search_not_found" time="0.327" /><testcase classname="tests.test_api.TestStockSearchEndpoint" name="test_search_caching" time="0.020" /><testcase classname="tests.test_api.TestStockSearchEndpoint" name="test_search_missing_query" time="0.008" /><testcase classname="tests.test_api.TestStockSearchEndpoint" name="test_search_empty_query" time="0.007" /><testcase classname="tests.test_api.TestStockSearchEndpoint" name="test_search_query_too_long" time="0.008" /><testcase classname="tests.test_api.TestSuggestionsEndpoint" name="test_get_suggestions" time="0.010" /><testcase classname="tests.test_api.TestSuggestionsEndpoint" name="test_suggestions_with_limit" time="0.012" /><testcase classname="tests.test_api.TestCacheManagementEndpoints" name="test_get_cache_stats" time="0.010" /><testcase classname="tests.test_api.TestCacheManagementEndpoints" name="test_cleanup_cache" time="0.008" /><testcase classname="tests.test_api.TestResponseTimeRequirement" name="test_response_time_under_2_seconds" time="0.007" /><testcase classname="tests.test_api.TestAcceptanceCriteria" name="test_ac1_valid_isin_search" time="0.007" /><testcase classname="tests.test_api.TestAcceptanceCriteria" name="test_ac2_valid_wkn_search" time="0.007" /><testcase classname="tests.test_api.TestAcceptanceCriteria" name="test_ac3_invalid_format_validation" time="0.006" /><testcase classname="tests.test_api.TestAcceptanceCriteria" name="test_ac4_stock_not_found" time="0.342" /><testcase classname="tests.test_api.TestAcceptanceCriteria" name="test_ac5_caching_within_ttl" time="0.016" /><testcase classname="tests.test_cache.TestCacheManager" name="test_cache_miss" time="0.004" /><testcase classname="tests.test_cache.TestCacheManager" name="test_cache_save_and_retrieve" time="0.005" /><testcase classname="tests.test_cache.TestCacheManager" name="test_cache_by_isin" time="0.004" /><testcase classname="tests.test_cache.TestCacheManager" name="test_cache_by_wkn" time="0.005" /><testcase classname="tests.test_cache.TestCacheManager" name="test_cache_expiry" time="0.005" /><testcase classname="tests.test_cache.TestCacheManager" name="test_cache_hit_counter" time="0.006" /><testcase classname="tests.test_cache.TestCacheManager" name="test_cache_update" time="0.011" /><testcase classname="tests.test_cache.TestCacheManager" name="test_cleanup_expired" time="0.007" /><testcase classname="tests.test_cache.TestSearchHistory" name="test_record_search" time="0.004" /><testcase classname="tests.test_cache.TestSearchHistory" name="test_record_multiple_searches" time="0.004" /><testcase classname="tests.test_cache.TestSearchHistory" name="test_get_suggestions" time="0.004" /><testcase classname="tests.test_cache.TestSearchHistory" name="test_suggestions_ordering" time="0.007" /><testcase classname="tests.test_cache.TestCacheStats" name="test_cache_stats" time="0.007" /><testcase classname="tests.test_validators.TestQueryTypeDetection" name="test_detect_isin" time="0.000" /><testcase classname="tests.test_validators.TestQueryTypeDetection" name="test_detect_wkn" time="0.000" /><testcase classname="tests.test_validators.TestQueryTypeDetection" name="test_detect_symbol" time="0.000" /><testcase classname="tests.test_validators.TestISINValidation" name="test_valid_isin" time="0.000" /><testcase classname="tests.test_validators.TestISINValidation" name="test_invalid_isin_format" time="0.000" /><testcase classname="tests.test_validators.TestISINValidation" name="test_invalid_isin_checksum" time="0.000" /><testcase classname="tests.test_validators.TestWKNValidation" name="test_valid_wkn" time="0.000" /><testcase classname="tests.test_validators.TestWKNValidation" name="test_invalid_wkn_format" time="0.000" /><testcase classname="tests.test_validators.TestSearchQueryModel" name="test_valid_queries" time="0.000" /><testcase classname="tests.test_validators.TestSearchQueryModel" name="test_query_normalization" time="0.000" /><testcase classname="tests.test_validators.TestSearchQueryModel" name="test_invalid_query_length" time="0.000" /><testcase classname="tests.test_validators.TestSearchQueryModel" name="test_invalid_query_format" time="0.000" /></testsuite></testsuites>